<?xml version="1.0" encoding="UTF-8"?>
<!-- Generated by org.testng.reporters.JUnitReportReporter -->
<testsuite hostname="Rabindras-Air.lan" failures="0" tests="3" name="runner.TestRunner" time="86.939" errors="0" timestamp="17 Nov 2023 18:25:18 GMT" skipped="0">
  <testcase classname="runner.TestRunner" name="runScenario" time="22.156"/>
  <testcase classname="runner.TestRunner" name="runScenario" time="41.098"/>
  <testcase classname="runner.TestRunner" name="runScenario" time="23.685"/>
</testsuite> <!-- runner.TestRunner -->
